Using pre-set license
Built from '2020.2/release' branch; Version is '2020.2.1f1 (270dd8c3da1c) revision 2559448'; Using compiler version '192528614'; Build Type 'Release'
OS: 'Windows 10  (10.0.0) 64bit' Language: 'ko' Physical Memory: 16336 MB
BatchMode: 1, IsHumanControllingUs: 0, StartBugReporterOnCrash: 0, Is64bit: 1, IsPro: 0

 COMMAND LINE ARGUMENTS:
D:\Engine\2020.2.1f1\Editor\Unity.exe
-adb2
-batchMode
-noUpm
-name
AssetImportWorker0
-projectPath
D:/Projects/Project_MR
-logFile
Logs/AssetImportWorker0.log
-srvPort
62784
Successfully changed project path to: D:/Projects/Project_MR
D:/Projects/Project_MR
Using Asset Import Pipeline V2.
Refreshing native plugins compatible for Editor in 43.34 ms, found 1 plugins.
Preloading 0 native plugins for Editor in 0.00 ms.
Initialize engine version: 2020.2.1f1 (270dd8c3da1c)
[Subsystems] Discovering subsystems at path D:/Engine/2020.2.1f1/Editor/Data/Resources/UnitySubsystems
[Subsystems] Discovering subsystems at path D:/Projects/Project_MR/Assets
GfxDevice: creating device client; threaded=0
Direct3D:
    Version:  Direct3D 11.0 [level 11.1]
    Renderer: NVIDIA GeForce GTX 1070 (ID=0x1b81)
    Vendor:   
    VRAM:     8088 MB
    Driver:   30.0.14.9649
Initialize mono
Mono path[0] = 'D:/Engine/2020.2.1f1/Editor/Data/Managed'
Mono path[1] = 'D:/Engine/2020.2.1f1/Editor/Data/MonoBleedingEdge/lib/mono/unityjit'
Mono config path = 'D:/Engine/2020.2.1f1/Editor/Data/MonoBleedingEdge/etc'
Using monoOptions --debugger-agent=transport=dt_socket,embedding=1,server=y,suspend=n,address=127.0.0.1:56324
Begin MonoManager ReloadAssembly
Registering precompiled unity dll's ...
Register platform support module: D:/Engine/2020.2.1f1/Editor/Data/PlaybackEngines/WebGLSupport/UnityEditor.WebGL.Extensions.dll
Register platform support module: D:/Engine/2020.2.1f1/Editor/Data/PlaybackEngines/WindowsStandaloneSupport/UnityEditor.WindowsStandalone.Extensions.dll
Registered in 0.002019 seconds.
Native extension for WindowsStandalone target not found
Native extension for WebGL target not found
Refreshing native plugins compatible for Editor in 42.83 ms, found 1 plugins.
Preloading 0 native plugins for Editor in 0.00 ms.
Invoked RoslynAnalysisRunner static constructor.
RoslynAnalysisRunner will not be running.
RoslynAnalysisRunner has terminated.
Mono: successfully reloaded assembly
- Completed reload, in  2.720 seconds
Platform modules already initialized, skipping
Registering precompiled user dll's ...
Registered in 0.000981 seconds.
Begin MonoManager ReloadAssembly
Native extension for WindowsStandalone target not found
Native extension for WebGL target not found
Refreshing native plugins compatible for Editor in 43.70 ms, found 1 plugins.
Preloading 0 native plugins for Editor in 0.00 ms.
Invoked RoslynAnalysisRunner static constructor.
RoslynAnalysisRunner will not be running.
RoslynAnalysisRunner has terminated.
Mono: successfully reloaded assembly
- Completed reload, in  1.220 seconds
Platform modules already initialized, skipping
========================================================================
Worker process is ready to serve import requests
Launched and connected shader compiler UnityShaderCompiler.exe after 0.06 seconds
Refreshing native plugins compatible for Editor in 0.35 ms, found 1 plugins.
Preloading 0 native plugins for Editor in 0.00 ms.
Unloading 1787 Unused Serialized files (Serialized files now loaded: 0)
System memory in use before: 86.3 MB.
System memory in use after: 86.2 MB.

Unloading 24 unused Assets to reduce memory usage. Loaded Objects now: 2226.
Total: 2.206700 ms (FindLiveObjects: 0.260300 ms CreateObjectMapping: 0.146200 ms MarkObjects: 1.670000 ms  DeleteObjects: 0.129100 ms)

========================================================================
Received Import Request.
  path: Assets/Scenes
  artifactKey: Guid(44099a8e9e86d56429fe28eb3c368a9e) Importer(815301076,1909f56bfc062723c751e8b465ee728b)
Start importing Assets/Scenes using Guid(44099a8e9e86d56429fe28eb3c368a9e) Importer(815301076,1909f56bfc062723c751e8b465ee728b)  -> (artifact id: '8f1ae3419f1b5a491be687364867b65b') in 0.008880 seconds
  Import took 0.012060 seconds .

========================================================================
Received Import Request.
  Time since last request: 0.000303 seconds.
  path: Assets/Resources
  artifactKey: Guid(c7f3019eab6ef8c448d4861ba6e674c8) Importer(815301076,1909f56bfc062723c751e8b465ee728b)
Start importing Assets/Resources using Guid(c7f3019eab6ef8c448d4861ba6e674c8) Importer(815301076,1909f56bfc062723c751e8b465ee728b)  -> (artifact id: '95b3f7d3e84ce15b729271f304f76216') in 0.029874 seconds
  Import took 0.033062 seconds .

========================================================================
Received Import Request.
  Time since last request: 254.437225 seconds.
  path: Assets/Resources/Script
  artifactKey: Guid(c3a04fd87f762d4469a3da35c1f6ca75) Importer(815301076,1909f56bfc062723c751e8b465ee728b)
Start importing Assets/Resources/Script using Guid(c3a04fd87f762d4469a3da35c1f6ca75) Importer(815301076,1909f56bfc062723c751e8b465ee728b)  -> (artifact id: '3b3d9a5025a1d9fee457a25ada26dd5a') in 0.015199 seconds
  Import took 0.024351 seconds .

========================================================================
Received Import Request.
  Time since last request: 12.814552 seconds.
  path: Assets/Resources/Script/Logo.cs
  artifactKey: Guid(5df2043f412b49442ac6f66140693f2a) Importer(815301076,1909f56bfc062723c751e8b465ee728b)
Start importing Assets/Resources/Script/Logo.cs using Guid(5df2043f412b49442ac6f66140693f2a) Importer(815301076,1909f56bfc062723c751e8b465ee728b)  -> (artifact id: '1f3fda542df71f50583eea16b27c1661') in 0.101873 seconds
  Import took 0.111642 seconds .

========================================================================
Received Prepare
Registering precompiled user dll's ...
Registered in 0.001267 seconds.
Begin MonoManager ReloadAssembly
Native extension for WindowsStandalone target not found
Native extension for WebGL target not found
Refreshing native plugins compatible for Editor in 0.37 ms, found 1 plugins.
Preloading 0 native plugins for Editor in 0.00 ms.
Invoked RoslynAnalysisRunner static constructor.
RoslynAnalysisRunner will not be running.
RoslynAnalysisRunner has terminated.
Mono: successfully reloaded assembly
- Completed reload, in  1.233 seconds
Platform modules already initialized, skipping
Refreshing native plugins compatible for Editor in 0.35 ms, found 1 plugins.
Preloading 0 native plugins for Editor in 0.00 ms.
Unloading 1783 Unused Serialized files (Serialized files now loaded: 0)
System memory in use before: 86.3 MB.
System memory in use after: 86.3 MB.

Unloading 12 unused Assets to reduce memory usage. Loaded Objects now: 2230.
Total: 3.020800 ms (FindLiveObjects: 0.167000 ms CreateObjectMapping: 0.060700 ms MarkObjects: 2.612200 ms  DeleteObjects: 0.178900 ms)

========================================================================
Received Import Request.
  Time since last request: 51.990384 seconds.
  path: Assets/Resources/Script/Logo.cs
  artifactKey: Guid(5df2043f412b49442ac6f66140693f2a) Importer(815301076,1909f56bfc062723c751e8b465ee728b)
Start importing Assets/Resources/Script/Logo.cs using Guid(5df2043f412b49442ac6f66140693f2a) Importer(815301076,1909f56bfc062723c751e8b465ee728b)  -> (artifact id: '3f001011a9e58549dc6dcd993c0cd53b') in 0.015013 seconds
  Import took 0.020339 seconds .

========================================================================
Received Import Request.
  Time since last request: 14.431449 seconds.
  path: Assets/Resources/Script/Loading.cs
  artifactKey: Guid(a2d6008a9559a954ea350cf08e227d03) Importer(815301076,1909f56bfc062723c751e8b465ee728b)
Start importing Assets/Resources/Script/Loading.cs using Guid(a2d6008a9559a954ea350cf08e227d03) Importer(815301076,1909f56bfc062723c751e8b465ee728b)  -> (artifact id: 'd88e66d0b2d76c5c8b7d9dd00e757885') in 0.012924 seconds
  Import took 0.019738 seconds .

========================================================================
Received Import Request.
  Time since last request: 44.949242 seconds.
  path: Assets/Resources/Script/Loading.cs
  artifactKey: Guid(a2d6008a9559a954ea350cf08e227d03) Importer(815301076,1909f56bfc062723c751e8b465ee728b)
Start importing Assets/Resources/Script/Loading.cs using Guid(a2d6008a9559a954ea350cf08e227d03) Importer(815301076,1909f56bfc062723c751e8b465ee728b)  -> (artifact id: '8f6b1ed7488087cda95a927fb0cb2ad9') in 0.006796 seconds
  Import took 0.009856 seconds .

========================================================================
Received Import Request.
  Time since last request: 4.931917 seconds.
  path: Assets/Resources/Script/Header.cs
  artifactKey: Guid(233308bfe949bda4d8e7b066046ae39b) Importer(815301076,1909f56bfc062723c751e8b465ee728b)
Start importing Assets/Resources/Script/Header.cs using Guid(233308bfe949bda4d8e7b066046ae39b) Importer(815301076,1909f56bfc062723c751e8b465ee728b)  -> (artifact id: '4f2445b1d8bb1b75d15a37b7e3fe9362') in 0.013504 seconds
  Import took 0.024304 seconds .

========================================================================
Received Prepare
Registering precompiled user dll's ...
Registered in 0.001082 seconds.
Begin MonoManager ReloadAssembly
Native extension for WindowsStandalone target not found
Native extension for WebGL target not found
Refreshing native plugins compatible for Editor in 0.37 ms, found 1 plugins.
Preloading 0 native plugins for Editor in 0.00 ms.
Invoked RoslynAnalysisRunner static constructor.
RoslynAnalysisRunner will not be running.
RoslynAnalysisRunner has terminated.
Mono: successfully reloaded assembly
- Completed reload, in  1.175 seconds
Platform modules already initialized, skipping
Refreshing native plugins compatible for Editor in 0.34 ms, found 1 plugins.
Preloading 0 native plugins for Editor in 0.00 ms.
Unloading 1785 Unused Serialized files (Serialized files now loaded: 0)
System memory in use before: 86.5 MB.
System memory in use after: 86.5 MB.

Unloading 12 unused Assets to reduce memory usage. Loaded Objects now: 2235.
Total: 2.184000 ms (FindLiveObjects: 0.196700 ms CreateObjectMapping: 0.067500 ms MarkObjects: 1.808100 ms  DeleteObjects: 0.110500 ms)

========================================================================
Received Import Request.
  Time since last request: 41.559720 seconds.
  path: Assets/Resources/Script/Header.cs
  artifactKey: Guid(233308bfe949bda4d8e7b066046ae39b) Importer(815301076,1909f56bfc062723c751e8b465ee728b)
Start importing Assets/Resources/Script/Header.cs using Guid(233308bfe949bda4d8e7b066046ae39b) Importer(815301076,1909f56bfc062723c751e8b465ee728b)  -> (artifact id: 'ed43fbd89ef04c70bc911cfc47f46314') in 0.008169 seconds
  Import took 0.011181 seconds .

========================================================================
Received Import Request.
  Time since last request: 33.199815 seconds.
  path: Assets/Scenes/Logo.unity
  artifactKey: Guid(d44f464b5d429a34a9ff7b1452a7e47c) Importer(815301076,1909f56bfc062723c751e8b465ee728b)
Start importing Assets/Scenes/Logo.unity using Guid(d44f464b5d429a34a9ff7b1452a7e47c) Importer(815301076,1909f56bfc062723c751e8b465ee728b)  -> (artifact id: '801ef2d6f7dacf5a5471e3feee61261c') in 0.028121 seconds
  Import took 0.032322 seconds .

========================================================================
Received Import Request.
  Time since last request: 2.814731 seconds.
  path: Assets/Scenes/SampleScene.unity
  artifactKey: Guid(2cda990e2423bbf4892e6590ba056729) Importer(815301076,1909f56bfc062723c751e8b465ee728b)
Start importing Assets/Scenes/SampleScene.unity using Guid(2cda990e2423bbf4892e6590ba056729) Importer(815301076,1909f56bfc062723c751e8b465ee728b)  -> (artifact id: '68e638b9c95263cbd6c5b1eb18544bd4') in 0.013071 seconds
  Import took 0.016654 seconds .

========================================================================
Received Import Request.
  Time since last request: 170.744544 seconds.
  path: Assets/Resources/Sprite
  artifactKey: Guid(2701609e97305a74f8574a1982f830c6) Importer(815301076,1909f56bfc062723c751e8b465ee728b)
Start importing Assets/Resources/Sprite using Guid(2701609e97305a74f8574a1982f830c6) Importer(815301076,1909f56bfc062723c751e8b465ee728b)  -> (artifact id: '28b39a112cc58a124f079f23e8afcc97') in 0.010043 seconds
  Import took 0.014717 seconds .

========================================================================
Received Import Request.
  Time since last request: 40.010663 seconds.
  path: Assets/Resources/Sprite/Alpha.png
  artifactKey: Guid(a40f8b40823c0f34fa1504b172813a72) Importer(815301076,1909f56bfc062723c751e8b465ee728b)
Start importing Assets/Resources/Sprite/Alpha.png using Guid(a40f8b40823c0f34fa1504b172813a72) Importer(815301076,1909f56bfc062723c751e8b465ee728b)  -> (artifact id: 'ba8e4d4c11d7a0473e4401eeed2a86eb') in 0.163617 seconds
  Import took 0.170430 seconds .

========================================================================
Received Import Request.
  Time since last request: 392.242783 seconds.
  path: Assets/Resources/Sprite/bridge.png
  artifactKey: Guid(c47953290d7dc5748aa324f08c20885b) Importer(815301076,1909f56bfc062723c751e8b465ee728b)
Start importing Assets/Resources/Sprite/bridge.png using Guid(c47953290d7dc5748aa324f08c20885b) Importer(815301076,1909f56bfc062723c751e8b465ee728b)  -> (artifact id: '442927e8c5cbc16eda1703595292eec7') in 0.039774 seconds
  Import took 0.043930 seconds .

========================================================================
Received Import Request.
  Time since last request: 0.000322 seconds.
  path: Assets/Resources/Sprite/UnityLogo.png
  artifactKey: Guid(acc09908922396442bf5e40477c424ed) Importer(815301076,1909f56bfc062723c751e8b465ee728b)
Start importing Assets/Resources/Sprite/UnityLogo.png using Guid(acc09908922396442bf5e40477c424ed) Importer(815301076,1909f56bfc062723c751e8b465ee728b)  -> (artifact id: 'c776969c9aadf0b848f6fc871bd3e94a') in 0.036441 seconds
  Import took 0.040630 seconds .

========================================================================
Received Import Request.
  Time since last request: 1.859565 seconds.
  path: Assets/Resources/Sprite/teamLogo.png
  artifactKey: Guid(2efec5f8bf5bf65428d8fa9049153769) Importer(815301076,1909f56bfc062723c751e8b465ee728b)
Start importing Assets/Resources/Sprite/teamLogo.png using Guid(2efec5f8bf5bf65428d8fa9049153769) Importer(815301076,1909f56bfc062723c751e8b465ee728b)  -> (artifact id: '77cb737a758440593432f3b9bb8366f3') in 0.032647 seconds
  Import took 0.040189 seconds .

========================================================================
Received Import Request.
  Time since last request: 387.421936 seconds.
  path: Assets/Resources/Font
  artifactKey: Guid(e3ee074dcf4dd794cbb02890cfa409e4) Importer(815301076,1909f56bfc062723c751e8b465ee728b)
Start importing Assets/Resources/Font using Guid(e3ee074dcf4dd794cbb02890cfa409e4) Importer(815301076,1909f56bfc062723c751e8b465ee728b)  -> (artifact id: 'be55d8f3ffc275e17ec6d949321a8813') in 0.009327 seconds
  Import took 0.013317 seconds .

========================================================================
Received Import Request.
  Time since last request: 34.784842 seconds.
  path: Assets/Resources/Font/PyeongChangPeace-Bold.ttf
  artifactKey: Guid(825da133294890a44ad8cada335a5da8) Importer(815301076,1909f56bfc062723c751e8b465ee728b)
Start importing Assets/Resources/Font/PyeongChangPeace-Bold.ttf using Guid(825da133294890a44ad8cada335a5da8) Importer(815301076,1909f56bfc062723c751e8b465ee728b)  -> (artifact id: '2d065ed00150e1cabca8ad02e4c0708c') in 0.076463 seconds
  Import took 0.081138 seconds .

========================================================================
Received Import Request.
  Time since last request: 0.000232 seconds.
  path: Assets/Resources/Font/PyeongChangPeace-Light.ttf
  artifactKey: Guid(f7fdc7231f0e89d4f8810dce63f9ba57) Importer(815301076,1909f56bfc062723c751e8b465ee728b)
Start importing Assets/Resources/Font/PyeongChangPeace-Light.ttf using Guid(f7fdc7231f0e89d4f8810dce63f9ba57) Importer(815301076,1909f56bfc062723c751e8b465ee728b)  -> (artifact id: '14e4a2cbf12e744ac26bf1b21c9c6302') in 0.034138 seconds
  Import took 0.037452 seconds .

========================================================================
Received Import Request.
  Time since last request: 321.645781 seconds.
  path: Assets/Resources/Texture/Loadingbar2.png
  artifactKey: Guid(2c8524d6028c0e44d98c28bb295cb235) Importer(815301076,1909f56bfc062723c751e8b465ee728b)
Start importing Assets/Resources/Texture/Loadingbar2.png using Guid(2c8524d6028c0e44d98c28bb295cb235) Importer(815301076,1909f56bfc062723c751e8b465ee728b)  -> (artifact id: '8f9b7e42b45023a9e08ba4bb342c546a') in 0.015190 seconds
  Import took 0.019229 seconds .

========================================================================
Received Import Request.
  Time since last request: 0.000319 seconds.
  path: Assets/Resources/Texture/Loadingbar_bg.png
  artifactKey: Guid(bfd1c48baf8100640bd1bc211b182dda) Importer(815301076,1909f56bfc062723c751e8b465ee728b)
Start importing Assets/Resources/Texture/Loadingbar_bg.png using Guid(bfd1c48baf8100640bd1bc211b182dda) Importer(815301076,1909f56bfc062723c751e8b465ee728b)  -> (artifact id: '710cdbe0405a2edeeb851089b83b3adc') in 0.015942 seconds
  Import took 0.019068 seconds .

========================================================================
Received Import Request.
  Time since last request: 5.846491 seconds.
  path: Assets/Resources/Script/Scene
  artifactKey: Guid(ee6df924a399820448230500d9b80fe9) Importer(815301076,1909f56bfc062723c751e8b465ee728b)
Start importing Assets/Resources/Script/Scene using Guid(ee6df924a399820448230500d9b80fe9) Importer(815301076,1909f56bfc062723c751e8b465ee728b)  -> (artifact id: '30530aaef6247f7f71058ebeaefe9470') in 0.007301 seconds
  Import took 0.010543 seconds .

========================================================================
Received Import Request.
  Time since last request: 0.669340 seconds.
  path: Assets/Resources/Script/Scene/Loading
  artifactKey: Guid(cdac866365dd0644996b32e5318cc017) Importer(815301076,1909f56bfc062723c751e8b465ee728b)
Start importing Assets/Resources/Script/Scene/Loading using Guid(cdac866365dd0644996b32e5318cc017) Importer(815301076,1909f56bfc062723c751e8b465ee728b)  -> (artifact id: '1805d3c78709db18a040686606d6be80') in 0.006420 seconds
  Import took 0.010375 seconds .

========================================================================
Received Import Request.
  Time since last request: 12.154572 seconds.
  path: Assets/Resources/Prefab/UI/LoadingUI.prefab
  artifactKey: Guid(da809bf5c1b405a4db6219e4a008af1b) Importer(815301076,1909f56bfc062723c751e8b465ee728b)
Start importing Assets/Resources/Prefab/UI/LoadingUI.prefab using Guid(da809bf5c1b405a4db6219e4a008af1b) Importer(815301076,1909f56bfc062723c751e8b465ee728b) Diagnostics callstack to track who triggered the sub-import:
0x00007ff752ff68a2 (Unity) ImporterAssetResolver::ResolveAsset
0x00007ff75305d812 (Unity) ResolveArtifactV2
0x00007ff7530b830f (Unity) ImportToObjects
0x00007ff7530b7563 (Unity) AssetImportWorker::Import
0x00007ff753017c5a (Unity) <lambda_38cb8e830f13df306cf541a58f16cf03>::operator()
0x00007ff7530e20d2 (Unity) asio::detail::completion_handler<core::mutable_function<void __cdecl(void)> >::do_complete
0x00007ff7530e4230 (Unity) asio::detail::win_iocp_io_service::do_one
0x00007ff7530e79be (Unity) asio::io_service::run
0x00007ff75305dd50 (Unity) RunAssetImportWorkerClientV2
0x00007ff75305dda0 (Unity) RunAssetImporterV2
0x00007ff75257d73b (Unity) Application::InitializeProject
0x00007ff752ef2be2 (Unity) WinMain
0x00007ff754d38fc6 (Unity) __scrt_common_main_seh
0x00007ff902097034 (KERNEL32) BaseThreadInitThunk
0x00007ff902f42651 (ntdll) RtlUserThreadStart

Requesting import of Guid(da809bf5c1b405a4db6219e4a008af1b) Importer(-1,00000000000000000000000000000000), Assets/Resources/Prefab/UI/LoadingUI.prefab from editor
Resuming Guid(da809bf5c1b405a4db6219e4a008af1b) Importer(-1,00000000000000000000000000000000) -> 2d701b26f27edd6e5893da641a1bf915 
Assertion failed on expression: 'state.state == kUpToDate'

Assertion failed on expression: 'state.artifactID == result'

Assertion failed on expression: 'ins.second || ins.first->second == artifactID || (ins.first->second == CircularDependencyArtifactID() && !artifactID.IsValid()) || GetPathFromAssetGuidV2(key.GetGUID()).ends_with(".cs")'

Diagnostics callstack to track who triggered the sub-import:
0x00007ff752ff68a2 (Unity) ImporterAssetResolver::ResolveAsset
0x00007ff75305d812 (Unity) ResolveArtifactV2
0x00007ff7530585c1 (Unity) ProduceArtifactV2
0x00007ff752fc634e (Unity) AssetDatabase::ProduceArtifact
0x00007ff752fad1b8 (Unity) PreviewImporter::GenerateAssetData
0x00007ff7530b86cf (Unity) ImportToObjects
0x00007ff7530b7563 (Unity) AssetImportWorker::Import
0x00007ff753017c5a (Unity) <lambda_38cb8e830f13df306cf541a58f16cf03>::operator()
0x00007ff7530e20d2 (Unity) asio::detail::completion_handler<core::mutable_function<void __cdecl(void)> >::do_complete
0x00007ff7530e4230 (Unity) asio::detail::win_iocp_io_service::do_one
0x00007ff7530e79be (Unity) asio::io_service::run
0x00007ff75305dd50 (Unity) RunAssetImportWorkerClientV2
0x00007ff75305dda0 (Unity) RunAssetImporterV2
0x00007ff75257d73b (Unity) Application::InitializeProject
0x00007ff752ef2be2 (Unity) WinMain
0x00007ff754d38fc6 (Unity) __scrt_common_main_seh
0x00007ff902097034 (KERNEL32) BaseThreadInitThunk
0x00007ff902f42651 (ntdll) RtlUserThreadStart

Requesting import of Guid(da809bf5c1b405a4db6219e4a008af1b) Importer(-1,00000000000000000000000000000000), Assets/Resources/Prefab/UI/LoadingUI.prefab from editor
Resuming Guid(da809bf5c1b405a4db6219e4a008af1b) Importer(-1,00000000000000000000000000000000) -> 2d701b26f27edd6e5893da641a1bf915 
Assertion failed on expression: 'state.state == kUpToDate'

Assertion failed on expression: 'state.artifactID == result'

 -> (artifact id: 'aed63597b516c7a52ea11ff126b71a9d') in 10.432235 seconds
  Import took 10.436155 seconds .

========================================================================
Received Prepare
Registering precompiled user dll's ...
Registered in 0.001300 seconds.
Begin MonoManager ReloadAssembly
Native extension for WindowsStandalone target not found
Native extension for WebGL target not found
Refreshing native plugins compatible for Editor in 0.36 ms, found 1 plugins.
Preloading 0 native plugins for Editor in 0.00 ms.
Invoked RoslynAnalysisRunner static constructor.
RoslynAnalysisRunner will not be running.
RoslynAnalysisRunner has terminated.
Mono: successfully reloaded assembly
- Completed reload, in  1.023 seconds
Platform modules already initialized, skipping
Refreshing native plugins compatible for Editor in 0.34 ms, found 1 plugins.
Preloading 0 native plugins for Editor in 0.00 ms.
Unloading 1785 Unused Serialized files (Serialized files now loaded: 0)
System memory in use before: 90.2 MB.
System memory in use after: 90.2 MB.

Unloading 13 unused Assets to reduce memory usage. Loaded Objects now: 2294.
Total: 2.571700 ms (FindLiveObjects: 0.189500 ms CreateObjectMapping: 0.115400 ms MarkObjects: 2.126600 ms  DeleteObjects: 0.138400 ms)

========================================================================
Received Prepare
Registering precompiled user dll's ...
Registered in 0.001653 seconds.
Begin MonoManager ReloadAssembly
Native extension for WindowsStandalone target not found
Native extension for WebGL target not found
Refreshing native plugins compatible for Editor in 0.35 ms, found 1 plugins.
Preloading 0 native plugins for Editor in 0.00 ms.
Invoked RoslynAnalysisRunner static constructor.
RoslynAnalysisRunner will not be running.
RoslynAnalysisRunner has terminated.
Mono: successfully reloaded assembly
- Completed reload, in  1.068 seconds
Platform modules already initialized, skipping
Refreshing native plugins compatible for Editor in 0.34 ms, found 1 plugins.
Preloading 0 native plugins for Editor in 0.00 ms.
Unloading 1785 Unused Serialized files (Serialized files now loaded: 0)
System memory in use before: 90.3 MB.
System memory in use after: 90.3 MB.

Unloading 12 unused Assets to reduce memory usage. Loaded Objects now: 2297.
Total: 2.275700 ms (FindLiveObjects: 0.216900 ms CreateObjectMapping: 0.099400 ms MarkObjects: 1.813000 ms  DeleteObjects: 0.145100 ms)

========================================================================
Received Import Request.
  Time since last request: 33.654682 seconds.
  path: Assets/Resources/Prefab/UI
  artifactKey: Guid(8b302e3280637c848b9a021c2ddc487d) Importer(815301076,1909f56bfc062723c751e8b465ee728b)
Start importing Assets/Resources/Prefab/UI using Guid(8b302e3280637c848b9a021c2ddc487d) Importer(815301076,1909f56bfc062723c751e8b465ee728b)  -> (artifact id: 'e901b8f9461ba0e1bf8cfb24b84e6fad') in 0.009104 seconds
  Import took 0.012659 seconds .

========================================================================
Received Import Request.
  Time since last request: 0.005700 seconds.
  path: Assets/Resources/Prefab/UI
  artifactKey: Guid(8b302e3280637c848b9a021c2ddc487d) Importer(815301076,1909f56bfc062723c751e8b465ee728b)
Start importing Assets/Resources/Prefab/UI using Guid(8b302e3280637c848b9a021c2ddc487d) Importer(815301076,1909f56bfc062723c751e8b465ee728b)  -> (artifact id: 'e901b8f9461ba0e1bf8cfb24b84e6fad') in 0.026168 seconds
  Import took 0.029478 seconds .

========================================================================
Received Import Request.
  Time since last request: 0.017205 seconds.
  path: Assets/Resources/Prefab/UI/LoadingUI.prefab
  artifactKey: Guid(da809bf5c1b405a4db6219e4a008af1b) Importer(815301076,1909f56bfc062723c751e8b465ee728b)
Start importing Assets/Resources/Prefab/UI/LoadingUI.prefab using Guid(da809bf5c1b405a4db6219e4a008af1b) Importer(815301076,1909f56bfc062723c751e8b465ee728b)  -> (artifact id: 'e4e59d5510300832126a00d8a345f10a') in 0.057433 seconds
  Import took 0.061648 seconds .

========================================================================
Received Prepare
Registering precompiled user dll's ...
Registered in 0.000981 seconds.
Begin MonoManager ReloadAssembly
Native extension for WindowsStandalone target not found
Native extension for WebGL target not found
Refreshing native plugins compatible for Editor in 0.51 ms, found 1 plugins.
Preloading 0 native plugins for Editor in 0.00 ms.
Invoked RoslynAnalysisRunner static constructor.
RoslynAnalysisRunner will not be running.
RoslynAnalysisRunner has terminated.
Mono: successfully reloaded assembly
- Completed reload, in  1.035 seconds
Platform modules already initialized, skipping
Refreshing native plugins compatible for Editor in 0.46 ms, found 1 plugins.
Preloading 0 native plugins for Editor in 0.00 ms.
Unloading 1785 Unused Serialized files (Serialized files now loaded: 0)
System memory in use before: 90.4 MB.
System memory in use after: 90.4 MB.

Unloading 12 unused Assets to reduce memory usage. Loaded Objects now: 2302.
Total: 2.404500 ms (FindLiveObjects: 0.192000 ms CreateObjectMapping: 0.113700 ms MarkObjects: 1.927200 ms  DeleteObjects: 0.170100 ms)

========================================================================
Received Import Request.
  Time since last request: 73.123974 seconds.
  path: Assets/Scenes/Lobby.unity
  artifactKey: Guid(504853601a3c5674d879e4ec8ba521ff) Importer(815301076,1909f56bfc062723c751e8b465ee728b)
Start importing Assets/Scenes/Lobby.unity using Guid(504853601a3c5674d879e4ec8ba521ff) Importer(815301076,1909f56bfc062723c751e8b465ee728b)  -> (artifact id: '6bf36b4c1a2f3e9df40b19b881e06985') in 0.023914 seconds
  Import took 0.027851 seconds .

========================================================================
Received Import Request.
  Time since last request: 0.000847 seconds.
  path: Assets/Scenes/Lobby.unity
  artifactKey: Guid(504853601a3c5674d879e4ec8ba521ff) Importer(815301076,1909f56bfc062723c751e8b465ee728b)
Start importing Assets/Scenes/Lobby.unity using Guid(504853601a3c5674d879e4ec8ba521ff) Importer(815301076,1909f56bfc062723c751e8b465ee728b)  -> (artifact id: '6bf36b4c1a2f3e9df40b19b881e06985') in 0.016991 seconds
  Import took 0.020009 seconds .

========================================================================
Received Import Request.
  Time since last request: 49.208994 seconds.
  path: Assets/Scenes/Logo.unity
  artifactKey: Guid(d44f464b5d429a34a9ff7b1452a7e47c) Importer(815301076,1909f56bfc062723c751e8b465ee728b)
Start importing Assets/Scenes/Logo.unity using Guid(d44f464b5d429a34a9ff7b1452a7e47c) Importer(815301076,1909f56bfc062723c751e8b465ee728b)  -> (artifact id: '96c0151710308e431350aaf652197a75') in 0.007999 seconds
  Import took 0.011301 seconds .

========================================================================
Received Prepare
Registering precompiled user dll's ...
Registered in 0.001323 seconds.
Begin MonoManager ReloadAssembly
Native extension for WindowsStandalone target not found
Native extension for WebGL target not found
Refreshing native plugins compatible for Editor in 0.49 ms, found 1 plugins.
Preloading 0 native plugins for Editor in 0.00 ms.
Invoked RoslynAnalysisRunner static constructor.
RoslynAnalysisRunner will not be running.
RoslynAnalysisRunner has terminated.
Mono: successfully reloaded assembly
- Completed reload, in  1.490 seconds
Platform modules already initialized, skipping
Refreshing native plugins compatible for Editor in 0.35 ms, found 1 plugins.
Preloading 0 native plugins for Editor in 0.00 ms.
Unloading 1785 Unused Serialized files (Serialized files now loaded: 0)
System memory in use before: 90.5 MB.
System memory in use after: 90.5 MB.

Unloading 12 unused Assets to reduce memory usage. Loaded Objects now: 2305.
Total: 3.030800 ms (FindLiveObjects: 0.227200 ms CreateObjectMapping: 0.130200 ms MarkObjects: 2.575900 ms  DeleteObjects: 0.096000 ms)

========================================================================
Received Import Request.
  Time since last request: 21.386105 seconds.
  path: Assets/Resources/Sprite/Loadingbar2.png
  artifactKey: Guid(2c8524d6028c0e44d98c28bb295cb235) Importer(815301076,1909f56bfc062723c751e8b465ee728b)
Start importing Assets/Resources/Sprite/Loadingbar2.png using Guid(2c8524d6028c0e44d98c28bb295cb235) Importer(815301076,1909f56bfc062723c751e8b465ee728b)  -> (artifact id: '2694fafd7f13be4a3c0760694dd5c5cb') in 0.079547 seconds
  Import took 0.083791 seconds .

========================================================================
Received Import Request.
  Time since last request: 0.000263 seconds.
  path: Assets/Resources/Sprite/Loadingbar_bg.png
  artifactKey: Guid(bfd1c48baf8100640bd1bc211b182dda) Importer(815301076,1909f56bfc062723c751e8b465ee728b)
Start importing Assets/Resources/Sprite/Loadingbar_bg.png using Guid(bfd1c48baf8100640bd1bc211b182dda) Importer(815301076,1909f56bfc062723c751e8b465ee728b)  -> (artifact id: '6f1914de1dcc849f65e3188f15f4bbce') in 0.013845 seconds
  Import took 0.017539 seconds .

========================================================================
Received Import Request.
  Time since last request: 0.000279 seconds.
  path: Assets/Resources/Sprite/Loadingbar2.png
  artifactKey: Guid(2c8524d6028c0e44d98c28bb295cb235) Importer(815301076,1909f56bfc062723c751e8b465ee728b)
Start importing Assets/Resources/Sprite/Loadingbar2.png using Guid(2c8524d6028c0e44d98c28bb295cb235) Importer(815301076,1909f56bfc062723c751e8b465ee728b)  -> (artifact id: '2694fafd7f13be4a3c0760694dd5c5cb') in 0.014538 seconds
  Import took 0.018777 seconds .

========================================================================
Received Import Request.
  Time since last request: 0.000300 seconds.
  path: Assets/Resources/Sprite/Loadingbar_bg.png
  artifactKey: Guid(bfd1c48baf8100640bd1bc211b182dda) Importer(815301076,1909f56bfc062723c751e8b465ee728b)
Start importing Assets/Resources/Sprite/Loadingbar_bg.png using Guid(bfd1c48baf8100640bd1bc211b182dda) Importer(815301076,1909f56bfc062723c751e8b465ee728b)  -> (artifact id: '6f1914de1dcc849f65e3188f15f4bbce') in 0.010669 seconds
  Import took 0.014460 seconds .

========================================================================
Received Prepare
Registering precompiled user dll's ...
Registered in 0.000923 seconds.
Begin MonoManager ReloadAssembly
Native extension for WindowsStandalone target not found
Native extension for WebGL target not found
Refreshing native plugins compatible for Editor in 0.36 ms, found 1 plugins.
Preloading 0 native plugins for Editor in 0.00 ms.
Invoked RoslynAnalysisRunner static constructor.
RoslynAnalysisRunner will not be running.
RoslynAnalysisRunner has terminated.
Mono: successfully reloaded assembly
- Completed reload, in  1.020 seconds
Platform modules already initialized, skipping
Refreshing native plugins compatible for Editor in 0.34 ms, found 1 plugins.
Preloading 0 native plugins for Editor in 0.00 ms.
Unloading 1785 Unused Serialized files (Serialized files now loaded: 0)
System memory in use before: 90.5 MB.
System memory in use after: 90.5 MB.

Unloading 12 unused Assets to reduce memory usage. Loaded Objects now: 2309.
Total: 2.094100 ms (FindLiveObjects: 0.185100 ms CreateObjectMapping: 0.192300 ms MarkObjects: 1.571000 ms  DeleteObjects: 0.144500 ms)

========================================================================
Received Prepare
Registering precompiled user dll's ...
Registered in 0.001891 seconds.
Begin MonoManager ReloadAssembly
Native extension for WindowsStandalone target not found
Native extension for WebGL target not found
Refreshing native plugins compatible for Editor in 0.49 ms, found 1 plugins.
Preloading 0 native plugins for Editor in 0.00 ms.
Invoked RoslynAnalysisRunner static constructor.
RoslynAnalysisRunner will not be running.
RoslynAnalysisRunner has terminated.
Mono: successfully reloaded assembly
- Completed reload, in  1.495 seconds
Platform modules already initialized, skipping
Refreshing native plugins compatible for Editor in 0.64 ms, found 1 plugins.
Preloading 0 native plugins for Editor in 0.00 ms.
Unloading 1785 Unused Serialized files (Serialized files now loaded: 0)
System memory in use before: 90.6 MB.
System memory in use after: 90.6 MB.

Unloading 12 unused Assets to reduce memory usage. Loaded Objects now: 2312.
Total: 2.529000 ms (FindLiveObjects: 0.200900 ms CreateObjectMapping: 0.081200 ms MarkObjects: 2.148600 ms  DeleteObjects: 0.096700 ms)

========================================================================
Received Import Request.
  Time since last request: 99.401377 seconds.
  path: Assets/Scenes/Lobby.unity
  artifactKey: Guid(504853601a3c5674d879e4ec8ba521ff) Importer(815301076,1909f56bfc062723c751e8b465ee728b)
Start importing Assets/Scenes/Lobby.unity using Guid(504853601a3c5674d879e4ec8ba521ff) Importer(815301076,1909f56bfc062723c751e8b465ee728b)  -> (artifact id: '532753400e29f4d6ad464d84c485b565') in 0.013720 seconds
  Import took 0.016896 seconds .

========================================================================
Received Import Request.
  Time since last request: 0.002163 seconds.
  path: Assets/Scenes/Lobby.unity
  artifactKey: Guid(504853601a3c5674d879e4ec8ba521ff) Importer(815301076,1909f56bfc062723c751e8b465ee728b)
Start importing Assets/Scenes/Lobby.unity using Guid(504853601a3c5674d879e4ec8ba521ff) Importer(815301076,1909f56bfc062723c751e8b465ee728b)  -> (artifact id: '532753400e29f4d6ad464d84c485b565') in 0.003457 seconds
  Import took 0.006769 seconds .

========================================================================
Received Prepare
Registering precompiled user dll's ...
Registered in 0.002137 seconds.
Begin MonoManager ReloadAssembly
Native extension for WindowsStandalone target not found
Native extension for WebGL target not found
Refreshing native plugins compatible for Editor in 0.38 ms, found 1 plugins.
Preloading 0 native plugins for Editor in 0.00 ms.
Invoked RoslynAnalysisRunner static constructor.
RoslynAnalysisRunner will not be running.
RoslynAnalysisRunner has terminated.
Mono: successfully reloaded assembly
- Completed reload, in  1.598 seconds
Platform modules already initialized, skipping
Refreshing native plugins compatible for Editor in 0.46 ms, found 1 plugins.
Preloading 0 native plugins for Editor in 0.00 ms.
Unloading 1785 Unused Serialized files (Serialized files now loaded: 0)
System memory in use before: 90.7 MB.
System memory in use after: 90.7 MB.

Unloading 12 unused Assets to reduce memory usage. Loaded Objects now: 2315.
Total: 2.287100 ms (FindLiveObjects: 0.204000 ms CreateObjectMapping: 0.129500 ms MarkObjects: 1.789100 ms  DeleteObjects: 0.163000 ms)

========================================================================
Received Import Request.
  Time since last request: 75.481164 seconds.
  path: Assets/Scenes/Logo.unity
  artifactKey: Guid(d44f464b5d429a34a9ff7b1452a7e47c) Importer(815301076,1909f56bfc062723c751e8b465ee728b)
Start importing Assets/Scenes/Logo.unity using Guid(d44f464b5d429a34a9ff7b1452a7e47c) Importer(815301076,1909f56bfc062723c751e8b465ee728b)  -> (artifact id: '354c4b3578f307221e961d233f543a58') in 0.012232 seconds
  Import took 0.016648 seconds .

========================================================================
Received Import Request.
  Time since last request: 0.001826 seconds.
  path: Assets/Scenes/Logo.unity
  artifactKey: Guid(d44f464b5d429a34a9ff7b1452a7e47c) Importer(815301076,1909f56bfc062723c751e8b465ee728b)
Start importing Assets/Scenes/Logo.unity using Guid(d44f464b5d429a34a9ff7b1452a7e47c) Importer(815301076,1909f56bfc062723c751e8b465ee728b)  -> (artifact id: '354c4b3578f307221e961d233f543a58') in 0.003965 seconds
  Import took 0.007424 seconds .

========================================================================
Received Prepare
Registering precompiled user dll's ...
Registered in 0.001521 seconds.
Begin MonoManager ReloadAssembly
Native extension for WindowsStandalone target not found
Native extension for WebGL target not found
Refreshing native plugins compatible for Editor in 0.36 ms, found 1 plugins.
Preloading 0 native plugins for Editor in 0.00 ms.
Invoked RoslynAnalysisRunner static constructor.
RoslynAnalysisRunner will not be running.
RoslynAnalysisRunner has terminated.
Mono: successfully reloaded assembly
- Completed reload, in  1.697 seconds
Platform modules already initialized, skipping
Refreshing native plugins compatible for Editor in 0.39 ms, found 1 plugins.
Preloading 0 native plugins for Editor in 0.00 ms.
Unloading 1785 Unused Serialized files (Serialized files now loaded: 0)
System memory in use before: 90.8 MB.
System memory in use after: 90.8 MB.

Unloading 12 unused Assets to reduce memory usage. Loaded Objects now: 2318.
Total: 3.028300 ms (FindLiveObjects: 0.622700 ms CreateObjectMapping: 0.096900 ms MarkObjects: 2.151200 ms  DeleteObjects: 0.155900 ms)

AssetImportWorkerClient::OnTransportError - code=2 error=End of file
